#
# There is insufficient memory for the Java Runtime Environment to continue.
# Native memory allocation (mmap) failed to map 4128768 bytes. Error detail: G1 virtual space
# Possible reasons:
#   The system is out of physical RAM or swap space
#   This process is running with CompressedOops enabled, and the Java Heap may be blocking the growth of the native heap
# Possible solutions:
#   Reduce memory load on the system
#   Increase physical memory or swap space
#   Check if swap backing store is full
#   Decrease Java heap size (-Xmx/-Xms)
#   Decrease number of Java threads
#   Decrease Java thread stack sizes (-Xss)
#   Set larger code cache with -XX:ReservedCodeCacheSize=
#   JVM is running with Zero Based Compressed Oops mode in which the Java heap is
#     placed in the first 32GB address space. The Java Heap base address is the
#     maximum limit for the native heap growth. Please use -XX:HeapBaseMinAddress
#     to set the Java Heap base and to place the Java Heap above 32GB virtual address.
# This output file may be truncated or incomplete.
#
#  Out of Memory Error (os_windows.cpp:3825), pid=16908, tid=36216
#
# JRE version:  (17.0.12+7) (build )
# Java VM: OpenJDK 64-Bit Server VM (17.0.12+7-b1000.54, mixed mode, sharing, tiered, compressed oops, compressed class ptrs, g1 gc, windows-amd64)
# No core dump will be written. Minidumps are not enabled by default on client versions of Windows
#

---------------  S U M M A R Y ------------

Command Line: git4idea.http.GitAskPassApp Username for 'https://github.com': 

Host: 12th Gen Intel(R) Core(TM) i7-1260P, 16 cores, 15G,  Windows 11 , 64 bit Build 26100 (10.0.26100.4202)
Time: Fri Jun 20 22:31:05 2025  Windows 11 , 64 bit Build 26100 (10.0.26100.4202) elapsed time: 1.828862 seconds (0d 0h 0m 1s)

---------------  T H R E A D  ---------------

Current thread (0x0000024e5a1ed1e0):  JavaThread "Unknown thread" [_thread_in_vm, id=36216, stack(0x0000008f8b100000,0x0000008f8b200000)]

Stack: [0x0000008f8b100000,0x0000008f8b200000]
Native frames: (J=compiled Java code, j=interpreted, Vv=VM code, C=native code)
V  [jvm.dll+0x688dd9]
V  [jvm.dll+0x842eaa]
V  [jvm.dll+0x844aee]
V  [jvm.dll+0x845153]
V  [jvm.dll+0x24ba3f]
V  [jvm.dll+0x685ba9]
V  [jvm.dll+0x67a45a]
V  [jvm.dll+0x30c60b]
V  [jvm.dll+0x313ab6]
V  [jvm.dll+0x363c83]
V  [jvm.dll+0x363e9f]
V  [jvm.dll+0x2e2658]
V  [jvm.dll+0x2e3594]
V  [jvm.dll+0x813b31]
V  [jvm.dll+0x3719c1]
V  [jvm.dll+0x7f2626]
V  [jvm.dll+0x3f563f]
V  [jvm.dll+0x3f7191]
C  [jli.dll+0x528f]
C  [ucrtbase.dll+0x37b0]
C  [KERNEL32.DLL+0x2e8d7]
C  [ntdll.dll+0x3c34c]


---------------  P R O C E S S  ---------------

Threads class SMR info:
_java_thread_list=0x00007ffdfa8a0f58, length=0, elements={
}

Java Threads: ( => current thread )

Other Threads:
  0x0000024e5a25c590 GCTaskThread "GC Thread#0" [stack: 0x0000008f8b200000,0x0000008f8b300000] [id=22120]
  0x0000024e5a26ce30 ConcurrentGCThread "G1 Main Marker" [stack: 0x0000008f8b300000,0x0000008f8b400000] [id=1488]
  0x0000024e5a26e430 ConcurrentGCThread "G1 Conc#0" [stack: 0x0000008f8b400000,0x0000008f8b500000] [id=8316]

[error occurred during error reporting (printing all threads), id 0xc0000005, EXCEPTION_ACCESS_VIOLATION (0xc0000005) at pc=0x00007ffdfa0531c7]

VM state: not at safepoint (not fully initialized)

VM Mutex/Monitor currently owned by a thread:  ([mutex/lock_event])
[0x0000024e5a1e8d40] Heap_lock - owner thread: 0x0000024e5a1ed1e0

Heap address: 0x0000000705c00000, size: 4004 MB, Compressed Oops mode: Zero based, Oop shift amount: 3

CDS archive(s) mapped at: [0x0000000000000000-0x0000000000000000-0x0000000000000000), size 0, SharedBaseAddress: 0x0000000800000000, ArchiveRelocationMode: 1.
Narrow klass base: 0x0000000000000000, Narrow klass shift: 0, Narrow klass range: 0x0

GC Precious Log:
<Empty>

Heap:
 garbage-first heap   total 0K, used 0K [0x0000000705c00000, 0x0000000800000000)
  region size 2048K, 0 young (0K), 0 survivors (0K)
 Metaspace       used 0K, committed 0K, reserved 0K
  class space    used 0K, committed 0K, reserved 0K

Heap Regions: E=young(eden), S=young(survivor), O=old, HS=humongous(starts), HC=humongous(continues), CS=collection set, F=free, OA=open archive, CA=closed archive, TAMS=top-at-mark-start (previous, next)

Card table byte_map: [0x0000024e6e180000,0x0000024e6e960000] _byte_map_base: 0x0000024e6a952000

Marking Bits (Prev, Next): (CMBitMap*) 0x0000024e5a25cac0, (CMBitMap*) 0x0000024e5a25cb00
 Prev Bits: [0x0000024e6f140000, 0x0000024e72fd0000)
 Next Bits: [0x0000024e72fd0000, 0x0000024e76e60000)

GC Heap History (0 events):
No events

Dll operation events (1 events):
Event: 0.029 Loaded shared library C:\Users\ckddn\.jbr\jbr_jcef-17.0.12-windows-x64-b1000.54\bin\java.dll

Deoptimization events (0 events):
No events

Classes unloaded (0 events):
No events

Classes redefined (0 events):
No events

Internal exceptions (0 events):
No events

VM Operations (0 events):
No events

Events (0 events):
No events


Dynamic libraries:
0x00007ff6fbc40000 - 0x00007ff6fbc4a000 	C:\Users\ckddn\.jbr\jbr_jcef-17.0.12-windows-x64-b1000.54\bin\java.exe
0x00007ffea34a0000 - 0x00007ffea3705000 	C:\WINDOWS\SYSTEM32\ntdll.dll
0x00007ffea1d00000 - 0x00007ffea1dc9000 	C:\WINDOWS\System32\KERNEL32.DLL
0x00007ffea0850000 - 0x00007ffea0c38000 	C:\WINDOWS\System32\KERNELBASE.dll
0x00007ffea0dc0000 - 0x00007ffea0f0b000 	C:\WINDOWS\System32\ucrtbase.dll
0x00007ffe1aac0000 - 0x00007ffe1aadb000 	C:\Users\ckddn\.jbr\jbr_jcef-17.0.12-windows-x64-b1000.54\bin\VCRUNTIME140.dll
0x00007ffe84ef0000 - 0x00007ffe84f07000 	C:\Users\ckddn\.jbr\jbr_jcef-17.0.12-windows-x64-b1000.54\bin\jli.dll
0x00007ffea1dd0000 - 0x00007ffea1f9a000 	C:\WINDOWS\System32\USER32.dll
0x00007ffea05f0000 - 0x00007ffea0617000 	C:\WINDOWS\System32\win32u.dll
0x00007ffea3430000 - 0x00007ffea345b000 	C:\WINDOWS\System32\GDI32.dll
0x00007ffea0f10000 - 0x00007ffea1047000 	C:\WINDOWS\System32\gdi32full.dll
0x00007ffea07a0000 - 0x00007ffea0843000 	C:\WINDOWS\System32\msvcp_win.dll
0x00007ffe85ca0000 - 0x00007ffe85f3a000 	C:\WINDOWS\WinSxS\amd64_microsoft.windows.common-controls_6595b64144ccf1df_6.0.26100.4202_none_3e0698d4e335f517\COMCTL32.dll
0x00007ffea22e0000 - 0x00007ffea2389000 	C:\WINDOWS\System32\msvcrt.dll
0x00007ffea1ba0000 - 0x00007ffea1bd0000 	C:\WINDOWS\System32\IMM32.DLL
0x00007ffe7fdb0000 - 0x00007ffe7fdbc000 	C:\Users\ckddn\.jbr\jbr_jcef-17.0.12-windows-x64-b1000.54\bin\vcruntime140_1.dll
0x00007ffe18830000 - 0x00007ffe188bd000 	C:\Users\ckddn\.jbr\jbr_jcef-17.0.12-windows-x64-b1000.54\bin\msvcp140.dll
0x00007ffdf9d60000 - 0x00007ffdfa9e5000 	C:\Users\ckddn\.jbr\jbr_jcef-17.0.12-windows-x64-b1000.54\bin\server\jvm.dll
0x00007ffea2720000 - 0x00007ffea27d3000 	C:\WINDOWS\System32\ADVAPI32.dll
0x00007ffea3380000 - 0x00007ffea3426000 	C:\WINDOWS\System32\sechost.dll
0x00007ffea1be0000 - 0x00007ffea1cf5000 	C:\WINDOWS\System32\RPCRT4.dll
0x00007ffe9f210000 - 0x00007ffe9f26e000 	C:\WINDOWS\SYSTEM32\POWRPROF.dll
0x00007ffe88830000 - 0x00007ffe8883b000 	C:\WINDOWS\SYSTEM32\VERSION.dll
0x00007ffe973a0000 - 0x00007ffe973d5000 	C:\WINDOWS\SYSTEM32\WINMM.dll
0x00007ffe8f830000 - 0x00007ffe8f83a000 	C:\WINDOWS\SYSTEM32\WSOCK32.dll
0x00007ffea3300000 - 0x00007ffea3374000 	C:\WINDOWS\System32\WS2_32.dll
0x00007ffe9f1f0000 - 0x00007ffe9f204000 	C:\WINDOWS\SYSTEM32\UMPDC.dll
0x00007ffe9f4d0000 - 0x00007ffe9f4eb000 	C:\WINDOWS\SYSTEM32\kernel.appcore.dll
0x00007ffe8f820000 - 0x00007ffe8f82a000 	C:\Users\ckddn\.jbr\jbr_jcef-17.0.12-windows-x64-b1000.54\bin\jimage.dll
0x00007ffe9dda0000 - 0x00007ffe9dfe1000 	C:\WINDOWS\SYSTEM32\DBGHELP.DLL
0x00007ffea2390000 - 0x00007ffea2715000 	C:\WINDOWS\System32\combase.dll
0x00007ffea30c0000 - 0x00007ffea31a1000 	C:\WINDOWS\System32\OLEAUT32.dll
0x00007ffe5f970000 - 0x00007ffe5f9a9000 	C:\WINDOWS\SYSTEM32\dbgcore.DLL
0x00007ffea1110000 - 0x00007ffea11a9000 	C:\WINDOWS\System32\bcryptPrimitives.dll
0x00007ffe68740000 - 0x00007ffe68765000 	C:\Users\ckddn\.jbr\jbr_jcef-17.0.12-windows-x64-b1000.54\bin\java.dll

dbghelp: loaded successfully - version: 4.0.5 - missing functions: none
symbol engine: initialized successfully - sym options: 0x614 - pdb path: .;C:\Users\ckddn\.jbr\jbr_jcef-17.0.12-windows-x64-b1000.54\bin;C:\WINDOWS\SYSTEM32;C:\WINDOWS\WinSxS\amd64_microsoft.windows.common-controls_6595b64144ccf1df_6.0.26100.4202_none_3e0698d4e335f517;C:\Users\ckddn\.jbr\jbr_jcef-17.0.12-windows-x64-b1000.54\bin\server

VM Arguments:
java_command: git4idea.http.GitAskPassApp Username for 'https://github.com': 
java_class_path (initial): C:/Program Files/Android/Android Studio/plugins/vcs-git/lib/git4idea-rt.jar;C:/Program Files/Android/Android Studio/lib/externalProcess-rt.jar
Launcher Type: SUN_STANDARD

[Global flags]
     intx CICompilerCount                          = 12                                        {product} {ergonomic}
     uint ConcGCThreads                            = 3                                         {product} {ergonomic}
     uint G1ConcRefinementThreads                  = 13                                        {product} {ergonomic}
   size_t G1HeapRegionSize                         = 2097152                                   {product} {ergonomic}
    uintx GCDrainStackTargetSize                   = 64                                        {product} {ergonomic}
   size_t InitialHeapSize                          = 264241152                                 {product} {ergonomic}
   size_t MarkStackSize                            = 4194304                                   {product} {ergonomic}
   size_t MaxHeapSize                              = 4198498304                                {product} {ergonomic}
   size_t MinHeapDeltaBytes                        = 2097152                                   {product} {ergonomic}
   size_t MinHeapSize                              = 8388608                                   {product} {ergonomic}
    uintx NonNMethodCodeHeapSize                   = 7602480                                {pd product} {ergonomic}
    uintx NonProfiledCodeHeapSize                  = 122027880                              {pd product} {ergonomic}
    uintx ProfiledCodeHeapSize                     = 122027880                              {pd product} {ergonomic}
    uintx ReservedCodeCacheSize                    = 251658240                              {pd product} {ergonomic}
     bool SegmentedCodeCache                       = true                                      {product} {ergonomic}
   size_t SoftMaxHeapSize                          = 4198498304                             {manageable} {ergonomic}
     bool UseCompressedClassPointers               = true                           {product lp64_product} {ergonomic}
     bool UseCompressedOops                        = true                           {product lp64_product} {ergonomic}
     bool UseG1GC                                  = true                                      {product} {ergonomic}
     bool UseLargePagesIndividualAllocation        = false                                  {pd product} {ergonomic}

Logging:
Log output configuration:
 #0: stdout all=warning uptime,level,tags
 #1: stderr all=off uptime,level,tags

Environment Variables:
JAVA_HOME=C:\Program Files\Android\Android Studio\jbr
PATH=C:\Program Files\Git\mingw64\libexec\git-core;C:\Program Files\Git\mingw64\libexec\git-core;C:\Program Files\Git\mingw64\bin;C:\Program Files\Git\usr\bin;C:\Users\ckddn\bin;C:\Program Files\Common Files\Oracle\Java\javapath;C:\Program Files\Python310\Scripts;C:\Program Files\Python310;C:\WINDOWS\system32;C:\WINDOWS;C:\WINDOWS\System32\Wbem;C:\WINDOWS\System32\WindowsPowerShell\v1.0;C:\WINDOWS\System32\OpenSSH;C:\Program Files\dotnet;C:\Program Files\Docker\Docker\resources\bin;C:\Program Files (x86)\PuTTY;C:\Program Files\Git\cmd;%LOCALAPPDATA%\Android\sdk\platform-tools;C:\openssl-0.9.8k_X64\bin;C:\Users\ckddn\AppData\Roaming\Python\Python310\Scripts;C:\Program Files\Graphviz\bin;C:\Program Files\nodejs;C:\ProgramData\chocolatey\bin;C:\Users\ckddn\anaconda3;C:\Users\ckddn\anaconda3\Library\mingw-w64\bin;C:\Users\ckddn\anaconda3\Library\usr\bin;C:\Users\ckddn\anaconda3\Library\bin;C:\Users\ckddn\anaconda3\Scripts;C:\Users\ckddn\AppData\Local\Microsoft\WindowsApps;C:\Users\ckddn\AppData\Local\Programs\Microsoft VS Code\bin;C:\Users\ckddn\AppData\Local\afreeca;C:\Program Files\JetBrains\IntelliJ IDEA 2023.2.1\bin;C:\Users\ckddn\AppData\Local\gitkraken\bin;C:\Program Files\Graphviz\bin;C:\Users\ckddn\AppData\Roaming\npm;C:\Users\ckddn\AppData\Local\Microsoft\WinGet\Packages\Schniz.fnm_Microsoft.Winget.Source_8wekyb3d8bbwe;C:\Users\ckddn\AppData\Local\SOOP;C:\Users\ckddn\AppData\Local\Microsoft\WindowsApps;C:\Program Files (x86)\ESTsoft\ALSee\x64
USERNAME=changuk
DISPLAY=:0.0
LC_ALL=en_US.UTF-8
TERM=xterm-256color
TMPDIR=C:\Users\Public\Documents\ESTsoft\CreatorTemp
OS=Windows_NT
PROCESSOR_IDENTIFIER=Intel64 Family 6 Model 154 Stepping 3, GenuineIntel
TMP=C:\Users\ckddn\AppData\Local\Temp
TEMP=C:\Users\ckddn\AppData\Local\Temp



Periodic native trim disabled

JNI global refs:
JNI global refs: 0, weak refs: 0

JNI global refs memory usage: 0, weak refs: 0

OOME stack traces (most recent first):
Classloader memory used:


---------------  S Y S T E M  ---------------

OS:
 Windows 11 , 64 bit Build 26100 (10.0.26100.4202)
OS uptime: 9 days 0:12 hours
Hyper-V role detected

CPU: total 16 (initial active 16) (8 cores per cpu, 2 threads per core) family 6 model 154 stepping 3 microcode 0x423, cx8, cmov, fxsr, ht, mmx, 3dnowpref, sse, sse2, sse3, ssse3, sse4.1, sse4.2, popcnt, lzcnt, tsc, tscinvbit, avx, avx2, aes, erms, clmul, bmi1, bmi2, adx, sha, fma, vzeroupper, clflush, clflushopt, clwb, hv
Processor Information for processor 0
  Max Mhz: 2100, Current Mhz: 2100, Mhz Limit: 2100
Processor Information for processor 1
  Max Mhz: 2100, Current Mhz: 2100, Mhz Limit: 2100
Processor Information for processor 2
  Max Mhz: 2100, Current Mhz: 2100, Mhz Limit: 2100
Processor Information for processor 3
  Max Mhz: 2100, Current Mhz: 2100, Mhz Limit: 2100
Processor Information for processor 4
  Max Mhz: 2100, Current Mhz: 2100, Mhz Limit: 2100
Processor Information for processor 5
  Max Mhz: 2100, Current Mhz: 2100, Mhz Limit: 2100
Processor Information for processor 6
  Max Mhz: 2100, Current Mhz: 2100, Mhz Limit: 2100
Processor Information for processor 7
  Max Mhz: 2100, Current Mhz: 2100, Mhz Limit: 2100
Processor Information for processor 8
  Max Mhz: 2100, Current Mhz: 1500, Mhz Limit: 1491
Processor Information for processor 9
  Max Mhz: 2100, Current Mhz: 1500, Mhz Limit: 1491
Processor Information for processor 10
  Max Mhz: 2100, Current Mhz: 1500, Mhz Limit: 1491
Processor Information for processor 11
  Max Mhz: 2100, Current Mhz: 1500, Mhz Limit: 1491
Processor Information for processor 12
  Max Mhz: 2100, Current Mhz: 1500, Mhz Limit: 1491
Processor Information for processor 13
  Max Mhz: 2100, Current Mhz: 1500, Mhz Limit: 1491
Processor Information for processor 14
  Max Mhz: 2100, Current Mhz: 1500, Mhz Limit: 1491
Processor Information for processor 15
  Max Mhz: 2100, Current Mhz: 1500, Mhz Limit: 1491

Memory: 4k page, system-wide physical 16010M (2483M free)
TotalPageFile size 48778M (AvailPageFile size 8M)
current process WorkingSet (physical memory assigned to process): 13M, peak: 13M
current process commit charge ("private bytes"): 323M, peak: 327M

vm_info: OpenJDK 64-Bit Server VM (17.0.12+7-b1000.54) for windows-amd64 JRE (17.0.12+7-b1000.54), built on 2024-08-31 by "builduser" with MS VC++ 16.10 / 16.11 (VS2019)

END.
